<?xml version="1.0" encoding="UTF-8"?>
<testsuite xmlns:xsi="http://www.w3.org/2001/XMLSchema-instance" xsi:noNamespaceSchemaLocation="https://maven.apache.org/surefire/maven-surefire-plugin/xsd/surefire-test-report-3.0.xsd" version="3.0" name="com.ascendpgp.customerlogin.controller.test.JwtControllerTest" time="0.581" tests="3" errors="0" skipped="0" failures="3">
  <properties>
[...]
</properties>
  <testcase name="testValidateToken_Fallback" classname="com.ascendpgp.customerlogin.controller.test.JwtControllerTest" time="0.187">
    <failure message="expected: &lt;400&gt; but was: &lt;400 BAD_REQUEST&gt;" type="org.opentest4j.AssertionFailedError"><![CDATA[org.opentest4j.AssertionFailedError: expected: <400> but was: <400 BAD_REQUEST>
	at org.junit.jupiter.api.AssertionFailureBuilder.build(AssertionFailureBuilder.java:151)
	at org.junit.jupiter.api.AssertionFailureBuilder.buildAndThrow(AssertionFailureBuilder.java:132)
	at org.junit.jupiter.api.AssertEquals.failNotEqual(AssertEquals.java:197)
	at org.junit.jupiter.api.AssertEquals.assertEquals(AssertEquals.java:182)
	at org.junit.jupiter.api.AssertEquals.assertEquals(AssertEquals.java:177)
	at org.junit.jupiter.api.Assertions.assertEquals(Assertions.java:1145)
	at com.ascendpgp.customerlogin.controller.test.JwtControllerTest.testValidateToken_Fallback(JwtControllerTest.java:65)
	at java.base/java.lang.reflect.Method.invoke(Method.java:568)
	at java.base/java.util.ArrayList.forEach(ArrayList.java:1511)
	at java.base/java.util.ArrayList.forEach(ArrayList.java:1511)
]]></failure>
    <system-out><![CDATA[2024-12-23 20:35:25 ERROR [main] [null] c.a.c.controller.JwtController - Fallback triggered for token validation. Reason: Service error
]]></system-out>
  </testcase>
  <testcase name="testValidateToken_InvalidToken" classname="com.ascendpgp.customerlogin.controller.test.JwtControllerTest" time="0.01">
    <failure message="expected: &lt;400&gt; but was: &lt;400 BAD_REQUEST&gt;" type="org.opentest4j.AssertionFailedError"><![CDATA[org.opentest4j.AssertionFailedError: expected: <400> but was: <400 BAD_REQUEST>
	at org.junit.jupiter.api.AssertionFailureBuilder.build(AssertionFailureBuilder.java:151)
	at org.junit.jupiter.api.AssertionFailureBuilder.buildAndThrow(AssertionFailureBuilder.java:132)
	at org.junit.jupiter.api.AssertEquals.failNotEqual(AssertEquals.java:197)
	at org.junit.jupiter.api.AssertEquals.assertEquals(AssertEquals.java:182)
	at org.junit.jupiter.api.AssertEquals.assertEquals(AssertEquals.java:177)
	at org.junit.jupiter.api.Assertions.assertEquals(Assertions.java:1145)
	at com.ascendpgp.customerlogin.controller.test.JwtControllerTest.testValidateToken_InvalidToken(JwtControllerTest.java:83)
	at java.base/java.lang.reflect.Method.invoke(Method.java:568)
	at java.base/java.util.ArrayList.forEach(ArrayList.java:1511)
	at java.base/java.util.ArrayList.forEach(ArrayList.java:1511)
]]></failure>
    <system-out><![CDATA[2024-12-23 20:35:25 ERROR [main] [null] c.a.c.controller.JwtController - Fallback triggered for token validation. Reason: Invalid token
]]></system-out>
  </testcase>
  <testcase name="testValidateToken_Success" classname="com.ascendpgp.customerlogin.controller.test.JwtControllerTest" time="0.372">
    <failure message="expected: &lt;200&gt; but was: &lt;200 OK&gt;" type="org.opentest4j.AssertionFailedError"><![CDATA[org.opentest4j.AssertionFailedError: expected: <200> but was: <200 OK>
	at org.junit.jupiter.api.AssertionFailureBuilder.build(AssertionFailureBuilder.java:151)
	at org.junit.jupiter.api.AssertionFailureBuilder.buildAndThrow(AssertionFailureBuilder.java:132)
	at org.junit.jupiter.api.AssertEquals.failNotEqual(AssertEquals.java:197)
	at org.junit.jupiter.api.AssertEquals.assertEquals(AssertEquals.java:182)
	at org.junit.jupiter.api.AssertEquals.assertEquals(AssertEquals.java:177)
	at org.junit.jupiter.api.Assertions.assertEquals(Assertions.java:1145)
	at com.ascendpgp.customerlogin.controller.test.JwtControllerTest.testValidateToken_Success(JwtControllerTest.java:46)
	at java.base/java.lang.reflect.Method.invoke(Method.java:568)
	at java.base/java.util.ArrayList.forEach(ArrayList.java:1511)
	at java.base/java.util.ArrayList.forEach(ArrayList.java:1511)
]]></failure>
    <system-out><![CDATA[2024-12-23 20:35:25 INFO  [main] [null] c.a.c.controller.JwtController - Validating token: valid-token
2024-12-23 20:35:25 INFO  [main] [null] c.a.c.controller.JwtController - Extracted claims: Mock for Claims, hashCode: 235154585
]]></system-out>
  </testcase>
</testsuite>