<?xml version="1.0" encoding="UTF-8"?>
<testsuite xmlns:xsi="http://www.w3.org/2001/XMLSchema-instance" xsi:noNamespaceSchemaLocation="https://maven.apache.org/surefire/maven-surefire-plugin/xsd/surefire-test-report-3.0.xsd" version="3.0" name="com.ascendpgp.customerlogin.service.test.CustomerServiceTest" time="0.81" tests="8" errors="3" skipped="0" failures="3">
  <properties>
[...]
</properties>
  <testcase name="testResetPasswordForForgotFlow_Failure_TokenExpired" classname="com.ascendpgp.customerlogin.service.test.CustomerServiceTest" time="0.35">
    <system-out><![CDATA[2024-12-23 20:35:26 INFO  [main] [null] c.a.c.service.CustomerService - Processing password reset for token: expired-token
]]></system-out>
  </testcase>
  <testcase name="testSendVerificationEmail_Success" classname="com.ascendpgp.customerlogin.service.test.CustomerServiceTest" time="0.268">
    <failure message="&#10;Argument(s) are different! Wanted:&#10;mailSender.send(&#10;    &lt;any jakarta.mail.internet.MimeMessage&gt;&#10;);&#10;-&gt; at org.springframework.mail.javamail.JavaMailSender.send(JavaMailSender.java:101)&#10;Actual invocations have different arguments:&#10;mailSender.send(&#10;    SimpleMailMessage: from=Teams3_PGP@domain.com; replyTo=null; to=test@example.com; cc=; bcc=; sentDate=null; subject=Email Verification; text=Click here to verify your account: http://localhost:8081/api/customer/verify?token=57ac668a-a2c3-4b96-9129-410a877b1847&#10;);&#10;-&gt; at com.ascendpgp.customerlogin.service.CustomerService.sendVerificationEmail(CustomerService.java:203)&#10;" type="Argument(s) are different! Wanted"><![CDATA[Argument(s) are different! Wanted:
mailSender.send(
    <any jakarta.mail.internet.MimeMessage>
);
-> at org.springframework.mail.javamail.JavaMailSender.send(JavaMailSender.java:101)
Actual invocations have different arguments:
mailSender.send(
    SimpleMailMessage: from=Teams3_PGP@domain.com; replyTo=null; to=test@example.com; cc=; bcc=; sentDate=null; subject=Email Verification; text=Click here to verify your account: http://localhost:8081/api/customer/verify?token=57ac668a-a2c3-4b96-9129-410a877b1847
);
-> at com.ascendpgp.customerlogin.service.CustomerService.sendVerificationEmail(CustomerService.java:203)

	at org.springframework.mail.javamail.JavaMailSender.send(JavaMailSender.java:101)
	at com.ascendpgp.customerlogin.service.test.CustomerServiceTest.testSendVerificationEmail_Success(CustomerServiceTest.java:143)
	at java.base/java.lang.reflect.Method.invoke(Method.java:568)
	at java.base/java.util.ArrayList.forEach(ArrayList.java:1511)
	at java.base/java.util.ArrayList.forEach(ArrayList.java:1511)
]]></failure>
    <system-out><![CDATA[2024-12-23 20:35:26 INFO  [main] [null] c.a.c.service.CustomerService - Sending verification email to: test@example.com
2024-12-23 20:35:26 INFO  [main] [null] c.a.c.service.CustomerService - Verification email sent successfully to: test@example.com
]]></system-out>
  </testcase>
  <testcase name="testChangePassword_Success" classname="com.ascendpgp.customerlogin.service.test.CustomerServiceTest" time="0.015">
    <error message="Cannot invoke &quot;org.springframework.security.core.Authentication.getName()&quot; because the return value of &quot;org.springframework.security.core.context.SecurityContext.getAuthentication()&quot; is null" type="java.lang.NullPointerException"><![CDATA[java.lang.NullPointerException: Cannot invoke "org.springframework.security.core.Authentication.getName()" because the return value of "org.springframework.security.core.context.SecurityContext.getAuthentication()" is null
	at com.ascendpgp.customerlogin.service.CustomerService.changePassword(CustomerService.java:310)
	at com.ascendpgp.customerlogin.service.test.CustomerServiceTest.testChangePassword_Success(CustomerServiceTest.java:193)
	at java.base/java.lang.reflect.Method.invoke(Method.java:568)
	at java.base/java.util.ArrayList.forEach(ArrayList.java:1511)
	at java.base/java.util.ArrayList.forEach(ArrayList.java:1511)
]]></error>
  </testcase>
  <testcase name="testLogin_CircuitBreakerOpen" classname="com.ascendpgp.customerlogin.service.test.CustomerServiceTest" time="0.112">
    <error message="Cannot invoke &quot;io.github.resilience4j.circuitbreaker.CircuitBreakerConfig.isWritableStackTraceEnabled()&quot; because the return value of &quot;io.github.resilience4j.circuitbreaker.CircuitBreaker.getCircuitBreakerConfig()&quot; is null" type="java.lang.NullPointerException"><![CDATA[java.lang.NullPointerException: Cannot invoke "io.github.resilience4j.circuitbreaker.CircuitBreakerConfig.isWritableStackTraceEnabled()" because the return value of "io.github.resilience4j.circuitbreaker.CircuitBreaker.getCircuitBreakerConfig()" is null
	at io.github.resilience4j.circuitbreaker.CallNotPermittedException.createCallNotPermittedException(CallNotPermittedException.java:42)
	at com.ascendpgp.customerlogin.service.test.CustomerServiceTest.testLogin_CircuitBreakerOpen(CustomerServiceTest.java:112)
	at java.base/java.lang.reflect.Method.invoke(Method.java:568)
	at java.base/java.util.ArrayList.forEach(ArrayList.java:1511)
	at java.base/java.util.ArrayList.forEach(ArrayList.java:1511)
]]></error>
  </testcase>
  <testcase name="testChangePassword_Failure_InvalidCurrentPassword" classname="com.ascendpgp.customerlogin.service.test.CustomerServiceTest" time="0.012">
    <failure message="Unexpected exception type thrown, expected: &lt;com.ascendpgp.customerlogin.exception.InvalidPasswordException&gt; but was: &lt;java.lang.NullPointerException&gt;" type="org.opentest4j.AssertionFailedError"><![CDATA[org.opentest4j.AssertionFailedError: Unexpected exception type thrown, expected: <com.ascendpgp.customerlogin.exception.InvalidPasswordException> but was: <java.lang.NullPointerException>
	at org.junit.jupiter.api.AssertionFailureBuilder.build(AssertionFailureBuilder.java:151)
	at org.junit.jupiter.api.AssertThrows.assertThrows(AssertThrows.java:67)
	at org.junit.jupiter.api.AssertThrows.assertThrows(AssertThrows.java:35)
	at org.junit.jupiter.api.Assertions.assertThrows(Assertions.java:3115)
	at com.ascendpgp.customerlogin.service.test.CustomerServiceTest.testChangePassword_Failure_InvalidCurrentPassword(CustomerServiceTest.java:209)
	at java.base/java.lang.reflect.Method.invoke(Method.java:568)
	at java.base/java.util.ArrayList.forEach(ArrayList.java:1511)
	at java.base/java.util.ArrayList.forEach(ArrayList.java:1511)
Caused by: java.lang.NullPointerException: Cannot invoke "org.springframework.security.core.Authentication.getName()" because the return value of "org.springframework.security.core.context.SecurityContext.getAuthentication()" is null
	at com.ascendpgp.customerlogin.service.CustomerService.changePassword(CustomerService.java:310)
	at com.ascendpgp.customerlogin.service.test.CustomerServiceTest.lambda$testChangePassword_Failure_InvalidCurrentPassword$3(CustomerServiceTest.java:210)
	at org.junit.jupiter.api.AssertThrows.assertThrows(AssertThrows.java:53)
	... 6 more
]]></failure>
  </testcase>
  <testcase name="testResetPasswordForForgotFlow_Success" classname="com.ascendpgp.customerlogin.service.test.CustomerServiceTest" time="0.007">
    <error message="Password does not meet complexity requirements." type="com.ascendpgp.customerlogin.exception.WeakPasswordException"><![CDATA[com.ascendpgp.customerlogin.exception.WeakPasswordException: Password does not meet complexity requirements.
	at com.ascendpgp.customerlogin.service.CustomerService.resetPasswordForForgotFlow(CustomerService.java:282)
	at com.ascendpgp.customerlogin.service.test.CustomerServiceTest.testResetPasswordForForgotFlow_Success(CustomerServiceTest.java:158)
	at java.base/java.lang.reflect.Method.invoke(Method.java:568)
	at java.base/java.util.ArrayList.forEach(ArrayList.java:1511)
	at java.base/java.util.ArrayList.forEach(ArrayList.java:1511)
]]></error>
    <system-out><![CDATA[2024-12-23 20:35:26 INFO  [main] [null] c.a.c.service.CustomerService - Processing password reset for token: valid-token
]]></system-out>
  </testcase>
  <testcase name="testLogin_Success_FirstTimeLogin" classname="com.ascendpgp.customerlogin.service.test.CustomerServiceTest" time="0.01">
    <failure message="expected: &lt;dummy-token&gt; but was: &lt;null&gt;" type="org.opentest4j.AssertionFailedError"><![CDATA[org.opentest4j.AssertionFailedError: expected: <dummy-token> but was: <null>
	at org.junit.jupiter.api.AssertionFailureBuilder.build(AssertionFailureBuilder.java:151)
	at org.junit.jupiter.api.AssertionFailureBuilder.buildAndThrow(AssertionFailureBuilder.java:132)
	at org.junit.jupiter.api.AssertEquals.failNotEqual(AssertEquals.java:197)
	at org.junit.jupiter.api.AssertEquals.assertEquals(AssertEquals.java:182)
	at org.junit.jupiter.api.AssertEquals.assertEquals(AssertEquals.java:177)
	at org.junit.jupiter.api.Assertions.assertEquals(Assertions.java:1145)
	at com.ascendpgp.customerlogin.service.test.CustomerServiceTest.testLogin_Success_FirstTimeLogin(CustomerServiceTest.java:76)
	at java.base/java.lang.reflect.Method.invoke(Method.java:568)
	at java.base/java.util.ArrayList.forEach(ArrayList.java:1511)
	at java.base/java.util.ArrayList.forEach(ArrayList.java:1511)
]]></failure>
    <system-out><![CDATA[2024-12-23 20:35:26 INFO  [main] [null] c.a.c.service.CustomerService - Login attempt for email: test@example.com
2024-12-23 20:35:26 INFO  [main] [null] c.a.c.service.CustomerService - First-time login detected for email: test@example.com. Updated firstTimeLogin to false.
2024-12-23 20:35:26 INFO  [main] [null] c.a.c.service.CustomerService - JWT token generated for email: test@example.com
]]></system-out>
  </testcase>
  <testcase name="testLogin_Failure_InvalidPassword" classname="com.ascendpgp.customerlogin.service.test.CustomerServiceTest" time="0.006">
    <system-out><![CDATA[2024-12-23 20:35:26 INFO  [main] [null] c.a.c.service.CustomerService - Login attempt for email: test@example.com
]]></system-out>
  </testcase>
</testsuite>